Change component parameters: Designator = "P1"; Footprint = "HDR1X2"; UniqueID = "\BLKJKQFV"
Change component parameters. Clean all parameters for all variants
Change component parameters (AddParameter): Name = "LatestRevisionDate"; Value = "17-Jul-2002"; VariantName = "[No Variations]"
Change component parameters (AddParameter): Name = "LatestRevisionNote"; Value = "Re-released for DXP Platform."; VariantName = "[No Variations]"
Change component parameters (AddParameter): Name = "Publisher"; Value = "Altium Limited"; VariantName = "[No Variations]"
Change component parameters: Designator = "P2"; Footprint = "HDR1X2"; UniqueID = "\COSLSTVY"
Change component parameters. Clean all parameters for all variants
Change component parameters (AddParameter): Name = "LatestRevisionDate"; Value = "17-Jul-2002"; VariantName = "[No Variations]"
Change component parameters (AddParameter): Name = "LatestRevisionNote"; Value = "Re-released for DXP Platform."; VariantName = "[No Variations]"
Change component parameters (AddParameter): Name = "Publisher"; Value = "Altium Limited"; VariantName = "[No Variations]"
Change component parameters: Designator = "P3"; Footprint = "HDR1X2"; UniqueID = "\MGINTPLQ"
Change component parameters. Clean all parameters for all variants
Change component parameters (AddParameter): Name = "LatestRevisionDate"; Value = "17-Jul-2002"; VariantName = "[No Variations]"
Change component parameters (AddParameter): Name = "LatestRevisionNote"; Value = "Re-released for DXP Platform."; VariantName = "[No Variations]"
Change component parameters (AddParameter): Name = "Publisher"; Value = "Altium Limited"; VariantName = "[No Variations]"
Change component parameters: Designator = "U1"; Footprint = "QFN40P600X600X90-48N"; UniqueID = "\GSMHVIAL"
Change component parameters. Clean all parameters for all variants
Change component parameters (AddParameter): Name = "Assembly"; Value = ""; VariantName = "[No Variations]"
Change component parameters (AddParameter): Name = "Footprint Doc"; Value = "QFN-48"; VariantName = "[No Variations]"
Change component parameters (AddParameter): Name = "LatestRevisionDate"; Value = "2019-01-30"; VariantName = "[No Variations]"
Change component parameters (AddParameter): Name = "Manufacturer"; Value = "Nordic Semiconductor"; VariantName = "[No Variations]"
Change component parameters (AddParameter): Name = "Manufacturer Part Number"; Value = "nRF52811-QFAAA0"; VariantName = "[No Variations]"
Change component parameters (AddParameter): Name = "Part Number"; Value = "nRF52811-QFAAA0"; VariantName = "[No Variations]"
Change component parameters (AddParameter): Name = "Pin Count"; Value = "48"; VariantName = "[No Variations]"
Change component parameters (AddParameter): Name = "Published"; Value = "2019-01-30"; VariantName = "[No Variations]"
Change component parameters (AddParameter): Name = "Publisher"; Value = "Nordic Semiconductor"; VariantName = "[No Variations]"
Change component parameters (AddParameter): Name = "Value"; Value = "nRF52811-QFAA"; VariantName = "[No Variations]"
Added Pin To Net: NetName=ANT_2G4 Pin=R4-2
Added Net: Name=ANT_2G4
Added Member To Class: ClassName=Sheet_v1 Member=Component R2 0
Added Member To Class: ClassName=Sheet_v1 Member=Component R3 0
Added Member To Class: ClassName=Sheet_v1 Member=Component R4 0
Added Member To Class: ClassName=Sheet_v1 Member=Component R5 0
Added Member To Class: ClassName=Sheet_v1 Member=Component R6 NF
Added Member To Class: ClassName=Sheet_v1 Member=Component R7 20k
