Removed Member From Class: ClassName=Sheet_v1 Member=C?
Change Component Designator: OldDesignator=C6 NewDesignator=C7
Change Component Designator: OldDesignator=C7 NewDesignator=C9
Change Component Designator: OldDesignator=C8 NewDesignator=C10
Change Component Designator: OldDesignator=C9 NewDesignator=C11
Change Component Designator: OldDesignator=C10 NewDesignator=C12
Change Component Designator: OldDesignator=C11 NewDesignator=C13
Change Component Designator: OldDesignator=C12 NewDesignator=C14
Change Component Designator: OldDesignator=C13 NewDesignator=C15
Change Component Designator: OldDesignator=C14 NewDesignator=C16
Change Component Designator: OldDesignator=C15 NewDesignator=C17
Change Component Designator: OldDesignator=C16 NewDesignator=C18
Change Component Designator: OldDesignator=C17 NewDesignator=C19
Change Component Designator: OldDesignator=C18 NewDesignator=C20
Change Component Designator: OldDesignator=C19 NewDesignator=C21
Change Component Designator: OldDesignator=C20 NewDesignator=C24
Change Component Designator: OldDesignator=C21 NewDesignator=C22
Change Component Designator: OldDesignator=C22 NewDesignator=C23
Change Component Designator: OldDesignator=C23 NewDesignator=C25
Change Component Designator: OldDesignator=C24 NewDesignator=C26
Change Component Designator: OldDesignator=C25 NewDesignator=C27
Change Component Designator: OldDesignator=C? NewDesignator=C6
Change Component Designator: OldDesignator=C? NewDesignator=C8
Change Component Designator: OldDesignator=D7 NewDesignator=D8
Change Component Designator: OldDesignator=D8 NewDesignator=D7
Change Component Designator: OldDesignator=P2 NewDesignator=P3
Change Component Designator: OldDesignator=P3 NewDesignator=P2
Change Component Designator: OldDesignator=R5 NewDesignator=R6
Change Component Designator: OldDesignator=R6 NewDesignator=R5
Change Net Name : Old Net Name=NetC9_1 New Net Name=NetC11_1
Change Net Name : Old Net Name=NetC9_2 New Net Name=NetC11_2
Change Net Name : Old Net Name=NetC10_2 New Net Name=NetC12_2
Change Net Name : Old Net Name=NetC11_2 New Net Name=NetC13_2
Change Net Name : Old Net Name=NetC12_2 New Net Name=NetC14_2
Change Net Name : Old Net Name=NetC14_2 New Net Name=NetC16_2
Change Net Name : Old Net Name=NetC15_1 New Net Name=NetC17_1
Change Net Name : Old Net Name=NetC19_2 New Net Name=NetC21_2
Change Net Name : Old Net Name=NetC21_2 New Net Name=NetC22_2
Change Net Name : Old Net Name=NetC22_2 New Net Name=NetC23_2
Change Net Name : Old Net Name=NetC23_1 New Net Name=NetC25_1
Change Net Name : Old Net Name=NetD7_5 New Net Name=NetD8_5
Change Net Name : Old Net Name=NetD8_1 New Net Name=NetD7_1
Added Member To Class: ClassName=Sheet_v1 Member=Component C26 4.7u
Added Member To Class: ClassName=Sheet_v1 Member=Component C27 4.7u
