Change Component Footprint: Designator=L? Old Footprint=L2016 New Footprint=L0805
Change Component Comment : Designator=L? Old Comment=L New Comment=lqm21pn1r0mc0d
Added Component: Designator=C?(C0402)
Add component. Clean all parameters for all variants
Added Component: Designator=C?(C0402)
Add component. Clean all parameters for all variants
Added Component: Designator=C?(C0402)
Add component. Clean all parameters for all variants
Added Pin To Net: NetName=GND Pin=C?-1
Added Pin To Net: NetName=GND Pin=C?-1
Added Pin To Net: NetName=VBAT Pin=C?-2
Added Pin To Net: NetName=VBAT Pin=D?-2
Added Pin To Net: NetName=GND Pin=D?-6
Added Pin To Net: NetName=VBAT Pin=D?-7
Added Pin To Net: NetName=GND Pin=D?-8
Added Pin To Net: NetName=3V3 Pin=C?-2
Added Pin To Net: NetName=3V3 Pin=C?-2
Added Pin To Net: NetName=3V3 Pin=D?-4
Added Pin To Net: NetName=3V3 Pin=L?-2
Added Net: Name=3V3
Added Pin To Net: NetName=NetC?_1 Pin=C?-1
Added Pin To Net: NetName=NetC?_1 Pin=D?-5
Added Net: Name=NetC?_1
Added Pin To Net: NetName=NetD?_1 Pin=D?-1
Added Pin To Net: NetName=NetD?_1 Pin=L?-1
Added Net: Name=NetD?_1
Added Member To Class: ClassName=Sheet_v1 Member=Component C? 560p
Added Member To Class: ClassName=Sheet_v1 Member=Component C? 4.7u
Added Member To Class: ClassName=Sheet_v1 Member=Component C? 4.7u
Added Member To Class: ClassName=Sheet_v1 Member=Component D? MIC23050-SYML
Added Member To Class: ClassName=Sheet_v1 Member=Component D? STBC08
Added Member To Class: ClassName=Sheet_v1 Member=Component D? IIS2DH
Added Member To Class: ClassName=Sheet_v1 Member=Component D? BQ51013B
