Added Component: Designator=C?(C0402)
Add component. Clean all parameters for all variants
Added Component: Designator=C?(C0402)
Add component. Clean all parameters for all variants
Added Pin To Net: NetName=GND Pin=C?-1
Added Pin To Net: NetName=GND Pin=C?-1
Added Pin To Net: NetName=GND Pin=D?-3
Added Pin To Net: NetName=GND Pin=D?-5
Added Pin To Net: NetName=GND Pin=D?-11
Added Pin To Net: NetName=NetC?_2 Pin=C?-2
Added Pin To Net: NetName=NetC?_2 Pin=D?-7
Added Net: Name=NetC?_2
Added Member To Class: ClassName=Sheet_v1 Member=Component C? 560p
Added Member To Class: ClassName=Sheet_v1 Member=Component C? 4.7u
Added Member To Class: ClassName=Sheet_v1 Member=Component C? C
Added Member To Class: ClassName=Sheet_v1 Member=Component C? C
Added Member To Class: ClassName=Sheet_v1 Member=Component C? C_TANTAL
Added Member To Class: ClassName=Sheet_v1 Member=Component C? 4.7u
Added Member To Class: ClassName=Sheet_v1 Member=Component D? ZSSC3122
Added Member To Class: ClassName=Sheet_v1 Member=Component D? MIC23050-SYML
Added Member To Class: ClassName=Sheet_v1 Member=Component D? IIS2DH
Added Member To Class: ClassName=Sheet_v1 Member=Component D? BQ51013B
Added Member To Class: ClassName=Sheet_v1 Member=Component D? STBC08
