Change Component Designator: OldDesignator=C? NewDesignator=C1
Change Component Designator: OldDesignator=C? NewDesignator=C2
Change Component Designator: OldDesignator=C? NewDesignator=C4
Change Component Designator: OldDesignator=C? NewDesignator=C19
Change Component Designator: OldDesignator=C? NewDesignator=C21
Change Component Designator: OldDesignator=C? NewDesignator=C22
Change Component Designator: OldDesignator=C? NewDesignator=C23
Change Component Designator: OldDesignator=D? NewDesignator=D1
Change Component Designator: OldDesignator=D? NewDesignator=D4
Change Component Designator: OldDesignator=D? NewDesignator=D5
Change Component Designator: OldDesignator=D? NewDesignator=D8
Change Component Designator: OldDesignator=D? NewDesignator=D9
Change Component Designator: OldDesignator=J? NewDesignator=J1
Change Component Designator: OldDesignator=L? NewDesignator=L1
Change Component Designator: OldDesignator=P? NewDesignator=P2
Change Component Designator: OldDesignator=R? NewDesignator=R5
Change Component Designator: OldDesignator=U? NewDesignator=U1
Added Component: Designator=C3(C0402)
Add component. Clean all parameters for all variants
Added Component: Designator=C5(C0402)
Add component. Clean all parameters for all variants
Added Component: Designator=C6(C0402)
Add component. Clean all parameters for all variants
Added Component: Designator=C7(C0603)
Add component. Clean all parameters for all variants
Added Component: Designator=C8(C0603)
Add component. Clean all parameters for all variants
Added Component: Designator=C9(C0402)
Add component. Clean all parameters for all variants
Added Component: Designator=C10(C0603)
Add component. Clean all parameters for all variants
Added Component: Designator=C11(C0603)
Add component. Clean all parameters for all variants
Added Component: Designator=C12(C0603)
Add component. Clean all parameters for all variants
Added Component: Designator=C13(C0603)
Add component. Clean all parameters for all variants
Added Component: Designator=C14(C0603)
Add component. Clean all parameters for all variants
Added Component: Designator=C15(C0603)
Add component. Clean all parameters for all variants
Added Component: Designator=C16(C0603)
Add component. Clean all parameters for all variants
Added Component: Designator=C17(C0603)
Add component. Clean all parameters for all variants
Added Component: Designator=C18(C0603)
Add component. Clean all parameters for all variants
Added Component: Designator=C20(C0603)
Add component. Clean all parameters for all variants
Added Component: Designator=D3(DHVQFN14)
Add component. Clean all parameters for all variants
Added Component: Designator=D6(DSBGA)
Add component. Clean all parameters for all variants
Added Component: Designator=D7(D0402(1006))
Add component. Clean all parameters for all variants
Added Component: Designator=P1(HDR1X2)
Add component. Clean all parameters for all variants
Add component (AddParameter): Name = "LatestRevisionDate"; Value = "17-Jul-2002"; VariantName = "[No Variations]"
Add component (AddParameter): Name = "LatestRevisionNote"; Value = "Re-released for DXP Platform."; VariantName = "[No Variations]"
Add component (AddParameter): Name = "Publisher"; Value = "Altium Limited"; VariantName = "[No Variations]"
Added Component: Designator=P3(HDR1X2)
Add component. Clean all parameters for all variants
Add component (AddParameter): Name = "LatestRevisionDate"; Value = "17-Jul-2002"; VariantName = "[No Variations]"
Add component (AddParameter): Name = "LatestRevisionNote"; Value = "Re-released for DXP Platform."; VariantName = "[No Variations]"
Add component (AddParameter): Name = "Publisher"; Value = "Altium Limited"; VariantName = "[No Variations]"
Added Component: Designator=R1(R0402)
Add component. Clean all parameters for all variants
Added Component: Designator=R2(R0402)
Add component. Clean all parameters for all variants
Added Component: Designator=R3(R0402)
Add component. Clean all parameters for all variants
Added Component: Designator=R4(R0402)
Add component. Clean all parameters for all variants
Added Component: Designator=R6(R0402)
Add component. Clean all parameters for all variants
Added Component: Designator=R7(R0402)
Add component. Clean all parameters for all variants
Added Pin To Net: NetName=5V Pin=C5-1
Added Pin To Net: NetName=GND Pin=C5-2
Added Pin To Net: NetName=GND Pin=C6-1
Added Pin To Net: NetName=5V Pin=C6-2
Added Pin To Net: NetName=GND Pin=C9-1
Added Pin To Net: NetName=5V Pin=D6-OUT
Added Pin To Net: NetName=5V Pin=D6-OUT
Added Pin To Net: NetName=5V Pin=D6-OUT
Added Pin To Net: NetName=5V Pin=D6-OUT
Added Pin To Net: NetName=GND Pin=D6-PGND
Added Pin To Net: NetName=GND Pin=D6-PGND
Added Pin To Net: NetName=GND Pin=D6-PGND
Added Pin To Net: NetName=GND Pin=D6-PGND
Added Pin To Net: NetName=5V Pin=D7-2
Added Pin To Net: NetName=5V Pin=R1-1
Added Pin To Net: NetName=GND Pin=R3-1
Added Pin To Net: NetName=GND Pin=R7-1
Change Net Name : Old Net Name=NetC?_1 New Net Name=NetC21_1
Change Net Name : Old Net Name=NetC?_2 New Net Name=NetC1_2
Change Net Name : Old Net Name=NetD?_1 New Net Name=NetD9_1
Change Net Name : Old Net Name=NetD?_5 New Net Name=NetD8_5
Added Pin To Net: NetName=NetC2_2 Pin=C2-2
Added Pin To Net: NetName=NetC2_2 Pin=D1-1
Added Net: Name=NetC2_2
Added Pin To Net: NetName=NetC3_1 Pin=C3-1
Added Pin To Net: NetName=NetC3_1 Pin=D1-6
Added Net: Name=NetC3_1
Added Pin To Net: NetName=NetC3_2 Pin=C3-2
Added Pin To Net: NetName=NetC3_2 Pin=D1-4
Added Pin To Net: NetName=NetC3_2 Pin=P1-1
Added Net: Name=NetC3_2
Added Pin To Net: NetName=NetC4_1 Pin=C4-1
Added Pin To Net: NetName=NetC4_1 Pin=D2-34
Added Pin To Net: NetName=NetC4_1 Pin=D2-35
Added Net: Name=NetC4_1
Added Pin To Net: NetName=NetC7_1 Pin=C7-1
Added Pin To Net: NetName=NetC7_1 Pin=C8-1
Added Pin To Net: NetName=NetC7_1 Pin=C10-1
Added Pin To Net: NetName=NetC7_1 Pin=C11-1
Added Pin To Net: NetName=NetC7_1 Pin=C12-1
Added Pin To Net: NetName=NetC7_1 Pin=C13-2
Added Pin To Net: NetName=NetC7_1 Pin=C14-2
Added Pin To Net: NetName=NetC7_1 Pin=C15-2
Added Pin To Net: NetName=NetC7_1 Pin=C16-1
Added Pin To Net: NetName=NetC7_1 Pin=D6-AC1
Added Pin To Net: NetName=NetC7_1 Pin=D6-AC1
Added Net: Name=NetC7_1
Added Pin To Net: NetName=NetC7_2 Pin=C7-2
Added Pin To Net: NetName=NetC7_2 Pin=C11-2
Added Pin To Net: NetName=NetC7_2 Pin=C16-2
Added Pin To Net: NetName=NetC7_2 Pin=P3-2
Added Net: Name=NetC7_2
Added Pin To Net: NetName=NetC8_2 Pin=C8-2
Added Pin To Net: NetName=NetC8_2 Pin=D6-CLAMP1
Added Net: Name=NetC8_2
Added Pin To Net: NetName=NetC9_2 Pin=C9-2
Added Pin To Net: NetName=NetC9_2 Pin=D6-RECT
Added Pin To Net: NetName=NetC9_2 Pin=D6-RECT
Added Pin To Net: NetName=NetC9_2 Pin=R2-1
Added Net: Name=NetC9_2
Added Pin To Net: NetName=NetC10_2 Pin=C10-2
Added Pin To Net: NetName=NetC10_2 Pin=D6-COMM1
Added Net: Name=NetC10_2
Added Pin To Net: NetName=NetC12_2 Pin=C12-2
Added Pin To Net: NetName=NetC12_2 Pin=D6-BOOT1
Added Net: Name=NetC12_2
Added Pin To Net: NetName=NetC13_1 Pin=C13-1
Added Pin To Net: NetName=NetC13_1 Pin=C14-1
Added Pin To Net: NetName=NetC13_1 Pin=C15-1
Added Pin To Net: NetName=NetC13_1 Pin=C17-1
Added Pin To Net: NetName=NetC13_1 Pin=C18-1
Added Pin To Net: NetName=NetC13_1 Pin=C20-1
Added Pin To Net: NetName=NetC13_1 Pin=D6-AC2
Added Pin To Net: NetName=NetC13_1 Pin=D6-AC2
Added Pin To Net: NetName=NetC13_1 Pin=P3-1
Added Net: Name=NetC13_1
Added Pin To Net: NetName=NetC17_2 Pin=C17-2
Added Pin To Net: NetName=NetC17_2 Pin=D6-BOOT2
Added Net: Name=NetC17_2
Added Pin To Net: NetName=NetC18_2 Pin=C18-2
Added Pin To Net: NetName=NetC18_2 Pin=D6-COMM2
Added Net: Name=NetC18_2
Added Pin To Net: NetName=NetC20_2 Pin=C20-2
Added Pin To Net: NetName=NetC20_2 Pin=D6-CLAMP2
Added Net: Name=NetC20_2
Added Pin To Net: NetName=NetD1_2 Pin=D1-2
Added Pin To Net: NetName=NetD1_2 Pin=P1-2
Added Net: Name=NetD1_2
Added Pin To Net: NetName=NetD6_CHG Pin=D6-CHG
Added Pin To Net: NetName=NetD6_CHG Pin=R4-1
Added Net: Name=NetD6_CHG
Added Pin To Net: NetName=NetD6_FOD Pin=D6-FOD
Added Pin To Net: NetName=NetD6_FOD Pin=R1-2
Added Pin To Net: NetName=NetD6_FOD Pin=R2-2
Added Pin To Net: NetName=NetD6_FOD Pin=R6-2
Added Pin To Net: NetName=NetD6_FOD Pin=R7-2
Added Net: Name=NetD6_FOD
Added Pin To Net: NetName=NetD6_ILIM Pin=D6-ILIM
Added Pin To Net: NetName=NetD6_ILIM Pin=R6-1
Added Net: Name=NetD6_ILIM
Added Pin To Net: NetName=NetD6_TS-CTRL Pin=R3-2
Added Net: Name=NetD6_TS-CTRL
Added Pin To Net: NetName=NetD7_1 Pin=D7-1
Added Pin To Net: NetName=NetD7_1 Pin=R4-2
Added Net: Name=NetD7_1
Added Member To Class: ClassName=Sheet_v1 Member=Component C1 C
Added Member To Class: ClassName=Sheet_v1 Member=Component C2 C
Added Member To Class: ClassName=Sheet_v1 Member=Component C3 C
Added Member To Class: ClassName=Sheet_v1 Member=Component C4 C_TANTAL
Added Member To Class: ClassName=Sheet_v1 Member=Component C5 100n
Added Member To Class: ClassName=Sheet_v1 Member=Component C6 10u
Added Member To Class: ClassName=Sheet_v1 Member=Component C7 NF
Added Member To Class: ClassName=Sheet_v1 Member=Component C8 47n
Added Member To Class: ClassName=Sheet_v1 Member=Component C9 10u
Added Member To Class: ClassName=Sheet_v1 Member=Component C10 47n
Added Member To Class: ClassName=Sheet_v1 Member=Component C11 NF
Added Member To Class: ClassName=Sheet_v1 Member=Component C12 10n
Added Member To Class: ClassName=Sheet_v1 Member=Component C13 NF
Added Member To Class: ClassName=Sheet_v1 Member=Component C14 NF
Added Member To Class: ClassName=Sheet_v1 Member=Component C15 NF
Added Member To Class: ClassName=Sheet_v1 Member=Component C16 NF
Added Member To Class: ClassName=Sheet_v1 Member=Component C17 10n
Added Member To Class: ClassName=Sheet_v1 Member=Component C18 47n
Added Member To Class: ClassName=Sheet_v1 Member=Component C20 47n
Added Member To Class: ClassName=Sheet_v1 Member=Component C21 560p
Added Member To Class: ClassName=Sheet_v1 Member=Component C22 4.7u
Added Member To Class: ClassName=Sheet_v1 Member=Component C23 4.7u
Added Member To Class: ClassName=Sheet_v1 Member=Component D1 ZSSC3122
Added Member To Class: ClassName=Sheet_v1 Member=Component D3 NTS0304
Added Member To Class: ClassName=Sheet_v1 Member=Component D4 eSim
Added Member To Class: ClassName=Sheet_v1 Member=Component D6 BQ51003
Added Member To Class: ClassName=Sheet_v1 Member=Component D7 Led
Added Member To Class: ClassName=Sheet_v1 Member=Component D8 STBC08
Added Member To Class: ClassName=Sheet_v1 Member=Component D9 MIC23050-SYML
Added Member To Class: ClassName=Sheet_v1 Member=Component P1 C
Added Member To Class: ClassName=Sheet_v1 Member=Component P3 COIL
Added Member To Class: ClassName=Sheet_v1 Member=Component R1 NF
Added Member To Class: ClassName=Sheet_v1 Member=Component R2 20k
Added Member To Class: ClassName=Sheet_v1 Member=Component R3 10k
Added Member To Class: ClassName=Sheet_v1 Member=Component R4 620
Added Member To Class: ClassName=Sheet_v1 Member=Component R6 620
Added Member To Class: ClassName=Sheet_v1 Member=Component R7 R
