Removed Pin From Net: NetName=MCU_RX Pin=U1-4
Removed Pin From Net: NetName=MCU_TX Pin=U1-5
Removed Pin From Net: NetName=MCU_DTR Pin=U1-6
Removed Pin From Net: NetName=MCU_CTS Pin=U1-7
Removed Pin From Net: NetName=ACC_SCL Pin=U1-11
Removed Pin From Net: NetName=ACC_SDA Pin=U1-12
Removed Pin From Net: NetName=ACC_INT1 Pin=U1-14
Removed Pin From Net: NetName=ACC_INT2 Pin=U1-15
Removed Pin From Net: NetName=CAP_READY Pin=U1-16
Removed Pin From Net: NetName=GSM_PWR Pin=U1-22
Added Pin To Net: NetName=ACC_SCL Pin=U1-4
Added Pin To Net: NetName=ACC_SDA Pin=U1-5
Added Pin To Net: NetName=ACC_INT1 Pin=U1-6
Added Pin To Net: NetName=ACC_INT2 Pin=U1-7
Added Pin To Net: NetName=GSM_PWR Pin=U1-11
Added Pin To Net: NetName=MCU_RX Pin=U1-12
Added Pin To Net: NetName=MCU_TX Pin=U1-14
Added Pin To Net: NetName=MCU_DTR Pin=U1-15
Added Pin To Net: NetName=MCU_CTS Pin=U1-16
Added Pin To Net: NetName=CAP_READY Pin=U1-22
Added Member To Class: ClassName=Sheet_v1 Member=Component R1 100k
