Change Component Comment : Designator=D3 Old Comment=NTS0304 New Comment=NTS0104BQ-Q100X
Change Component Designator: OldDesignator=C18 NewDesignator=C19
Change Component Designator: OldDesignator=C19 NewDesignator=C18
Change Component Designator: OldDesignator=D2 NewDesignator=D3
Change Component Designator: OldDesignator=D3 NewDesignator=D2
Change Component Designator: OldDesignator=D7 NewDesignator=D8
Change Component Designator: OldDesignator=D8 NewDesignator=D7
Change Component Designator: OldDesignator=R1 NewDesignator=R3
Change Component Designator: OldDesignator=R2 NewDesignator=R4
Change Component Designator: OldDesignator=R3 NewDesignator=R5
Change Component Designator: OldDesignator=R4 NewDesignator=R6
Change Component Designator: OldDesignator=R5 NewDesignator=R7
Change Component Designator: OldDesignator=R6 NewDesignator=R8
Change Component Designator: OldDesignator=R7 NewDesignator=R9
Added Component: Designator=R1(R0402)
Add component. Clean all parameters for all variants
Added Component: Designator=R2(R0402)
Add component. Clean all parameters for all variants
Added Pin To Net: NetName=GND Pin=D3-8
Added Pin To Net: NetName=GND Pin=D3-27
Added Pin To Net: NetName=GND Pin=D3-30
Added Pin To Net: NetName=GND Pin=D3-36
Added Pin To Net: NetName=GND Pin=D3-37
Change Net Name : Old Net Name=NetC18_2 New Net Name=NetC19_2
Change Net Name : Old Net Name=NetD2_32 New Net Name=NetD3_32
Change Net Name : Old Net Name=NetD7_1 New Net Name=NetD8_1
Change Net Name : Old Net Name=NetD8_5 New Net Name=NetD7_5
Added Pin To Net: NetName=GSM_? Pin=D2-5
Added Net: Name=GSM_?
Added Pin To Net: NetName=GSM_DTR Pin=D2-4
Added Net: Name=GSM_DTR
Added Pin To Net: NetName=GSM_RX Pin=D2-3
Added Net: Name=GSM_RX
Added Pin To Net: NetName=GSM_TX Pin=D2-2
Added Net: Name=GSM_TX
Added Pin To Net: NetName=NetD2_7 Pin=D2-7
Added Pin To Net: NetName=NetD2_7 Pin=R1-1
Added Net: Name=NetD2_7
Added Pin To Net: NetName=NetD2_8 Pin=D2-8
Added Pin To Net: NetName=NetD2_8 Pin=R1-2
Added Pin To Net: NetName=NetD2_8 Pin=R2-1
Added Net: Name=NetD2_8
Added Pin To Net: NetName=NetD2_11 Pin=D2-11
Added Pin To Net: NetName=NetD2_11 Pin=D3-6
Added Net: Name=NetD2_11
Added Pin To Net: NetName=NetD2_12 Pin=D2-12
Added Pin To Net: NetName=NetD2_12 Pin=D3-2
Added Net: Name=NetD2_12
Added Pin To Net: NetName=NetD2_13 Pin=D2-13
Added Pin To Net: NetName=NetD2_13 Pin=D3-1
Added Net: Name=NetD2_13
Added Pin To Net: NetName=NetD2_14 Pin=D2-14
Added Pin To Net: NetName=NetD2_14 Pin=D3-9
Added Pin To Net: NetName=NetD2_14 Pin=R2-2
Added Net: Name=NetD2_14
Added Member To Class: ClassName=Sheet_v1 Member=Component R8 620
Added Member To Class: ClassName=Sheet_v1 Member=Component R9 R
