Change Component Designator: OldDesignator=C? NewDesignator=C1
Change Component Designator: OldDesignator=C? NewDesignator=C2
Change Component Designator: OldDesignator=C? NewDesignator=C3
Change Component Designator: OldDesignator=C? NewDesignator=C4
Change Component Designator: OldDesignator=C? NewDesignator=C5
Change Component Designator: OldDesignator=C? NewDesignator=C6
Change Component Designator: OldDesignator=C? NewDesignator=C7
Change Component Designator: OldDesignator=C? NewDesignator=C8
Change Component Designator: OldDesignator=D? NewDesignator=D1
Change Component Designator: OldDesignator=D? NewDesignator=D3
Change Component Designator: OldDesignator=D? NewDesignator=D4
Change Component Designator: OldDesignator=D? NewDesignator=D5
Change Component Designator: OldDesignator=D? NewDesignator=D6
Change Component Designator: OldDesignator=D? NewDesignator=D7
Change Component Designator: OldDesignator=D? NewDesignator=D8
Change Component Designator: OldDesignator=J? NewDesignator=J1
Change Component Designator: OldDesignator=L? NewDesignator=L1
Change Component Designator: OldDesignator=P? NewDesignator=P2
Change Component Designator: OldDesignator=R? NewDesignator=R1
Change Component Designator: OldDesignator=U? NewDesignator=U1
Added Component: Designator=P1(HDR1X2)
Added Pin To Net: NetName=GND Pin=P2-2
Change Net Name : Old Net Name=NetC?_1 New Net Name=NetC6_1
Change Net Name : Old Net Name=NetC?_2 New Net Name=NetC1_2
Change Net Name : Old Net Name=NetD?_1 New Net Name=NetD8_1
Change Net Name : Old Net Name=NetD?_5 New Net Name=NetD7_5
Added Pin To Net: NetName=NetC2_2 Pin=C2-2
Added Pin To Net: NetName=NetC2_2 Pin=D1-1
Added Net: Name=NetC2_2
Added Pin To Net: NetName=NetC3_1 Pin=C3-1
Added Pin To Net: NetName=NetC3_1 Pin=D1-6
Added Net: Name=NetC3_1
Added Pin To Net: NetName=NetC3_2 Pin=C3-2
Added Pin To Net: NetName=NetC3_2 Pin=D1-4
Added Net: Name=NetC3_2
Added Pin To Net: NetName=NetC4_1 Pin=C4-1
Added Pin To Net: NetName=NetC4_1 Pin=D2-34
Added Pin To Net: NetName=NetC4_1 Pin=D2-35
Added Net: Name=NetC4_1
Added Pin To Net: NetName=NetD1_2 Pin=D1-2
Added Net: Name=NetD1_2
Added Member To Class: ClassName=Sheet_v1 Member=Component C2 C
Added Member To Class: ClassName=Sheet_v1 Member=Component C3 C
Added Member To Class: ClassName=Sheet_v1 Member=Component C4 C_TANTAL
Added Member To Class: ClassName=Sheet_v1 Member=Component C5 C
Added Member To Class: ClassName=Sheet_v1 Member=Component C6 560p
Added Member To Class: ClassName=Sheet_v1 Member=Component C7 4.7u
Added Member To Class: ClassName=Sheet_v1 Member=Component C8 4.7u
Added Member To Class: ClassName=Sheet_v1 Member=Component D3 NTS0304
Added Member To Class: ClassName=Sheet_v1 Member=Component D4 eSim
Added Member To Class: ClassName=Sheet_v1 Member=Component D5 IIS2DH
Added Member To Class: ClassName=Sheet_v1 Member=Component D6 BQ51013B
Added Member To Class: ClassName=Sheet_v1 Member=Component D7 STBC08
Added Member To Class: ClassName=Sheet_v1 Member=Component D8 MIC23050-SYML
