Removed Pin From Net: NetName=NetD3_32 Pin=J1-1
Removed Pin From Net: NetName=NetJ2_1 Pin=L1-2
Change Component Designator: OldDesignator=C6 NewDesignator=C7
Change Component Designator: OldDesignator=C7 NewDesignator=C6
Change Component Designator: OldDesignator=R2 NewDesignator=R6
Change Component Designator: OldDesignator=R3 NewDesignator=R7
Change Component Designator: OldDesignator=R4 NewDesignator=R8
Change Component Designator: OldDesignator=R5 NewDesignator=R9
Change Component Designator: OldDesignator=R6 NewDesignator=R10
Change Component Designator: OldDesignator=R7 NewDesignator=R11
Change Component Designator: OldDesignator=R8 NewDesignator=R12
Added Component: Designator=R2(R0402)
Added Component: Designator=R3(R0402)
Added Component: Designator=R4(R0402)
Added Component: Designator=R5(R0402)
Added Pin To Net: NetName=NetD3_32 Pin=R2-1
Added Pin To Net: NetName=NetD3_32 Pin=R3-1
Added Pin To Net: NetName=NetJ2_1 Pin=R5-2
Change Net Name : Old Net Name=NetC6_1 New Net Name=NetC7_1
Change Net Name : Old Net Name=NetC7_1 New Net Name=NetC6_1
Added Pin To Net: NetName=NetJ1_1 Pin=J1-1
Added Pin To Net: NetName=NetJ1_1 Pin=R3-2
Added Net: Name=NetJ1_1
Added Pin To Net: NetName=NetL1_2 Pin=L1-2
Added Pin To Net: NetName=NetL1_2 Pin=R4-1
Added Pin To Net: NetName=NetL1_2 Pin=R5-1
Added Net: Name=NetL1_2
Added Member To Class: ClassName=Sheet_v1 Member=Component R9 620
Added Member To Class: ClassName=Sheet_v1 Member=Component R10 620
Added Member To Class: ClassName=Sheet_v1 Member=Component R11 20k
Added Member To Class: ClassName=Sheet_v1 Member=Component R12 R
