Added Component: Designator=C?(C0402)
Add component. Clean all parameters for all variants
Added Component: Designator=P?(HDR1X2)
Add component. Clean all parameters for all variants
Add component (AddParameter): Name = "LatestRevisionDate"; Value = "17-Jul-2002"; VariantName = "[No Variations]"
Add component (AddParameter): Name = "LatestRevisionNote"; Value = "Re-released for DXP Platform."; VariantName = "[No Variations]"
Add component (AddParameter): Name = "Publisher"; Value = "Altium Limited"; VariantName = "[No Variations]"
Added Component: Designator=R?(R0402)
Add component. Clean all parameters for all variants
Added Pin To Net: NetName=GND Pin=C?-1
Added Pin To Net: NetName=GND Pin=D?-4
Added Pin To Net: NetName=GND Pin=P?-2
Added Pin To Net: NetName=GND Pin=R?-1
Added Pin To Net: NetName=5V Pin=C?-2
Added Pin To Net: NetName=5V Pin=D?-6
Added Net: Name=5V
Added Pin To Net: NetName=NetD?_5 Pin=D?-5
Added Pin To Net: NetName=NetD?_5 Pin=R?-2
Added Net: Name=NetD?_5
Added Pin To Net: NetName=VBAT Pin=D?-1
Added Pin To Net: NetName=VBAT Pin=P?-1
Added Net: Name=VBAT
Added Member To Class: ClassName=Sheet_v1 Member=Component C? C
Added Member To Class: ClassName=Sheet_v1 Member=Component D? STBC08
Added Member To Class: ClassName=Sheet_v1 Member=Component D? IIS2DH
Added Member To Class: ClassName=Sheet_v1 Member=Component D? BQ51013B
Added Member To Class: ClassName=Sheet_v1 Member=Component P? BAT
Added Member To Class: ClassName=Sheet_v1 Member=Component R? 20k
