Change Component Designator: OldDesignator=C5 NewDesignator=C6
Change Component Designator: OldDesignator=C6 NewDesignator=C7
Change Component Designator: OldDesignator=C7 NewDesignator=C12
Change Component Designator: OldDesignator=C8 NewDesignator=C14
Change Component Designator: OldDesignator=C9 NewDesignator=C15
Change Component Designator: OldDesignator=C10 NewDesignator=C18
Change Component Designator: OldDesignator=C11 NewDesignator=C19
Change Component Designator: OldDesignator=C12 NewDesignator=C20
Added Component: Designator=C5(C0805)
Add component. Clean all parameters for all variants
Added Component: Designator=C8(C0805)
Add component. Clean all parameters for all variants
Added Component: Designator=C9(C0805)
Add component. Clean all parameters for all variants
Added Component: Designator=C10(C0805)
Add component. Clean all parameters for all variants
Added Component: Designator=C11(C0805)
Add component. Clean all parameters for all variants
Added Component: Designator=C13(C0805)
Add component. Clean all parameters for all variants
Added Component: Designator=C16(C0402)
Add component. Clean all parameters for all variants
Added Component: Designator=C17(C0402)
Add component. Clean all parameters for all variants
Added Component: Designator=P3(HDR1X2)
Add component. Clean all parameters for all variants
Add component (AddParameter): Name = "LatestRevisionDate"; Value = "17-Jul-2002"; VariantName = "[No Variations]"
Add component (AddParameter): Name = "LatestRevisionNote"; Value = "Re-released for DXP Platform."; VariantName = "[No Variations]"
Add component (AddParameter): Name = "Publisher"; Value = "Altium Limited"; VariantName = "[No Variations]"
Added Pin To Net: NetName=NetC5_2 Pin=C5-1
Added Pin To Net: NetName=NetC5_2 Pin=C8-1
Added Pin To Net: NetName=NetC8_1 Pin=C9-1
Added Pin To Net: NetName=NetC5_2 Pin=C9-2
Added Pin To Net: NetName=NetC8_1 Pin=C10-1
Added Pin To Net: NetName=NetC5_2 Pin=C10-2
Added Pin To Net: NetName=NetC8_1 Pin=C11-1
Added Pin To Net: NetName=NetC5_2 Pin=C11-2
Added Pin To Net: NetName=NetC5_2 Pin=C13-1
Added Pin To Net: NetName=NetC8_1 Pin=C16-1
Added Pin To Net: NetName=NetC5_2 Pin=C17-1
Added Pin To Net: NetName=NetC8_1 Pin=P3-1
Change Net Name : Old Net Name=NetC5_1 New Net Name=NetC6_1
Change Net Name : Old Net Name=NetC5_2 New Net Name=NetC5_1
Change Net Name : Old Net Name=NetC6_2 New Net Name=NetC7_2
Change Net Name : Old Net Name=NetC8_1 New Net Name=NetC9_1
Change Net Name : Old Net Name=NetC8_2 New Net Name=NetC14_2
Change Net Name : Old Net Name=NetC9_1 New Net Name=NetC15_1
Change Net Name : Old Net Name=NetC10_1 New Net Name=NetC18_1
Added Pin To Net: NetName=NetC5_2 Pin=C5-2
Added Pin To Net: NetName=NetC5_2 Pin=C8-2
Added Pin To Net: NetName=NetC5_2 Pin=C13-2
Added Pin To Net: NetName=NetC5_2 Pin=P3-2
Added Net: Name=NetC5_2
Added Pin To Net: NetName=NetC16_2 Pin=C16-2
Added Pin To Net: NetName=NetC16_2 Pin=D6-CLAMP2
Added Net: Name=NetC16_2
Added Pin To Net: NetName=NetC17_2 Pin=C17-2
Added Pin To Net: NetName=NetC17_2 Pin=D6-CLAMP1
Added Net: Name=NetC17_2
Added Member To Class: ClassName=Sheet_v1 Member=Component C13 NF
Added Member To Class: ClassName=Sheet_v1 Member=Component C14 10n
Added Member To Class: ClassName=Sheet_v1 Member=Component C15 47n
Added Member To Class: ClassName=Sheet_v1 Member=Component C16 47n
Added Member To Class: ClassName=Sheet_v1 Member=Component C17 47n
Added Member To Class: ClassName=Sheet_v1 Member=Component C18 560p
Added Member To Class: ClassName=Sheet_v1 Member=Component C19 4.7u
Added Member To Class: ClassName=Sheet_v1 Member=Component C20 4.7u
Added Member To Class: ClassName=Sheet_v1 Member=Component P3 Header 2
