Removed Pin From Net: NetName=PIN6 Pin=U1-42
Removed Pin From Net: NetName=PIN7 Pin=U1-43
Change Component Designator: OldDesignator=R1 NewDesignator=R3
Change Component Designator: OldDesignator=R2 NewDesignator=R6
Change Component Designator: OldDesignator=R3 NewDesignator=R7
Change Component Designator: OldDesignator=R4 NewDesignator=R8
Change Component Designator: OldDesignator=R5 NewDesignator=R9
Change Component Designator: OldDesignator=R7 NewDesignator=R10
Change Component Designator: OldDesignator=R8 NewDesignator=R11
Change Component Designator: OldDesignator=R9 NewDesignator=R12
Change Component Designator: OldDesignator=R10 NewDesignator=R13
Change Component Designator: OldDesignator=R11 NewDesignator=R14
Change Component Designator: OldDesignator=R12 NewDesignator=R15
Change Component Designator: OldDesignator=R13 NewDesignator=R16
Change Component Designator: OldDesignator=R14 NewDesignator=R17
Change Component Designator: OldDesignator=R15 NewDesignator=R18
Change Component Designator: OldDesignator=R16 NewDesignator=R19
Added Component: Designator=R1(R0402)
Added Component: Designator=R2(R0402)
Added Component: Designator=R4(R0402)
Added Component: Designator=R5(R0402)
Added Pin To Net: NetName=PIN7 Pin=R1-2
Added Pin To Net: NetName=GND Pin=R2-2
Added Pin To Net: NetName=PIN6 Pin=R4-2
Added Pin To Net: NetName=AIN5 Pin=R5-1
Added Pin To Net: NetName=AIN5 Pin=R5-2
Added Pin To Net: NetName=AIN6 Pin=R4-1
Added Pin To Net: NetName=AIN6 Pin=U1-42
Added Net: Name=AIN6
Added Pin To Net: NetName=AIN7 Pin=R1-1
Added Pin To Net: NetName=AIN7 Pin=R2-1
Added Pin To Net: NetName=AIN7 Pin=U1-43
Added Net: Name=AIN7
Added Member To Class: ClassName=Sheet_v1 Member=Component R6 R
Added Member To Class: ClassName=Sheet_v1 Member=Component R17 620
Added Member To Class: ClassName=Sheet_v1 Member=Component R18 20k
Added Member To Class: ClassName=Sheet_v1 Member=Component R19 R
