Removed Pin From Net: NetName=ACC_SCL Pin=U1-4
Removed Pin From Net: NetName=ACC_SDA Pin=U1-5
Removed Pin From Net: NetName=ACC_INT1 Pin=U1-6
Removed Pin From Net: NetName=ACC_INT2 Pin=U1-7
Removed Pin From Net: NetName=GSM_STATUS Pin=U1-8
Removed Pin From Net: NetName=GSM_PWRKEY Pin=U1-9
Removed Pin From Net: NetName=GSM_RESET Pin=U1-10
Removed Pin From Net: NetName=GSM_PWR Pin=U1-11
Removed Pin From Net: NetName=MCU_RX Pin=U1-12
Removed Pin From Net: NetName=MCU_TX Pin=U1-14
Removed Pin From Net: NetName=MCU_DTR Pin=U1-15
Removed Pin From Net: NetName=MCU_CTS Pin=U1-16
Removed Pin From Net: NetName=CAP_SDA Pin=U1-17
Removed Pin From Net: NetName=CAP_SCLK Pin=U1-18
Removed Pin From Net: NetName=CAP_ALARM_H Pin=U1-19
Removed Pin From Net: NetName=CAP_ALARM_L Pin=U1-20
Removed Pin From Net: NetName=CAP_PWR Pin=U1-21
Removed Pin From Net: NetName=CAP_READY Pin=U1-22
Added Pin To Net: NetName=ACC_SCL Pin=U1-8
Added Pin To Net: NetName=ACC_SDA Pin=U1-9
Added Pin To Net: NetName=ACC_INT1 Pin=U1-10
Added Pin To Net: NetName=ACC_INT2 Pin=U1-11
Added Pin To Net: NetName=GSM_STATUS Pin=U1-12
Added Pin To Net: NetName=GSM_PWRKEY Pin=U1-14
Added Pin To Net: NetName=GSM_RESET Pin=U1-15
Added Pin To Net: NetName=GSM_PWR Pin=U1-16
Added Pin To Net: NetName=MCU_RX Pin=U1-17
Added Pin To Net: NetName=MCU_TX Pin=U1-18
Added Pin To Net: NetName=MCU_DTR Pin=U1-19
Added Pin To Net: NetName=MCU_CTS Pin=U1-20
Added Pin To Net: NetName=CAP_SDA Pin=U1-21
Added Pin To Net: NetName=CAP_SCLK Pin=U1-22
Added Pin To Net: NetName=CAP_ALARM_H Pin=U1-23
Added Pin To Net: NetName=CAP_ALARM_L Pin=U1-27
Added Pin To Net: NetName=CAP_PWR Pin=U1-28
Added Pin To Net: NetName=CAP_READY Pin=U1-29
