Change Component Designator: Old Designator=C5 New Designator=C7
Change Component Designator: Old Designator=C6 New Designator=C12
Change Component Designator: Old Designator=C7 New Designator=C14
Change Component Designator: Old Designator=C8 New Designator=C17
Change Component Designator: Old Designator=C9 New Designator=C18
Change Component Designator: Old Designator=C10 New Designator=C19
Change Component Designator: Old Designator=C11 New Designator=C20
Change Component Designator: Old Designator=C12 New Designator=C21
Change Component Designator: Old Designator=C13 New Designator=C22
Change Component Designator: Old Designator=C14 New Designator=C23
Change Component Designator: Old Designator=C15 New Designator=C24
Change Component Designator: Old Designator=C16 New Designator=C25
Change Component Designator: Old Designator=C17 New Designator=C26
Change Component Designator: Old Designator=C18 New Designator=C27
Change Component Designator: Old Designator=C19 New Designator=C28
Change Component Designator: Old Designator=C20 New Designator=C29
Change Component Designator: Old Designator=C21 New Designator=C30
Change Component Designator: Old Designator=C22 New Designator=C31
Change Component Designator: Old Designator=C23 New Designator=C32
Change Component Designator: Old Designator=C24 New Designator=C33
Change Component Designator: Old Designator=C25 New Designator=C34
Change Component Designator: Old Designator=C26 New Designator=C35
Change Component Designator: Old Designator=C27 New Designator=C36
Change Component Designator: Old Designator=C? New Designator=C5
Change Component Designator: Old Designator=C? New Designator=C6
Change Component Designator: Old Designator=C? New Designator=C8
Change Component Designator: Old Designator=C? New Designator=C9
Change Component Designator: Old Designator=C? New Designator=C10
Change Component Designator: Old Designator=C? New Designator=C11
Change Component Designator: Old Designator=C? New Designator=C13
Change Component Designator: Old Designator=C? New Designator=C15
Change Component Designator: Old Designator=C? New Designator=C16
Change Component Designator: Old Designator=L1 New Designator=L2
Change Component Designator: Old Designator=L? New Designator=L1
Change Component Designator: Old Designator=XTAL? New Designator=XTAL1
Change Component Designator: Old Designator=XTAL? New Designator=XTAL2
